listening on *: 9000
listening on *: 9000
events.js:377
      throw er; // Unhandled 'error' event
      ^

Error: connect ECONNREFUSED 127.0.0.1:12000
    at TCPConnectWrap.afterConnect [as oncomplete] (net.js:1159:16)
Emitted 'error' event on RedisClient instance at:
    at RedisClient.on_error (/opt/bitnami/erpnext/frappe-bench/apps/frappe/node_modules/redis/index.js:342:14)
    at Socket.<anonymous> (/opt/bitnami/erpnext/frappe-bench/apps/frappe/node_modules/redis/index.js:223:14)
    at Socket.emit (events.js:400:28)
    at emitErrorNT (internal/streams/destroy.js:106:8)
    at emitErrorCloseNT (internal/streams/destroy.js:74:3)
    at processTicksAndRejections (internal/process/task_queues.js:82:21) {
  errno: -111,
  code: 'ECONNREFUSED',
  syscall: 'connect',
  address: '127.0.0.1',
  port: 12000
}
listening on *: 9000
listening on *: 9000
