2022-06-30 12:18:00,718 DEBUG scheduler Queued events for site erpnext
2022-06-30 12:19:01,250 DEBUG scheduler Queued events for site erpnext
2022-06-30 12:20:01,910 INFO scheduler Scheduled Job Start: erpnext.crm.doctype.social_media_post.social_media_post.process_scheduled_social_media_posts for erpnext
2022-06-30 12:20:02,085 DEBUG scheduler Queued events for site erpnext
2022-06-30 12:20:02,114 INFO scheduler Scheduled Job Complete: erpnext.crm.doctype.social_media_post.social_media_post.process_scheduled_social_media_posts for erpnext
2022-06-30 12:20:02,190 INFO scheduler Scheduled Job Start: erpnext.hr.doctype.interview.interview.send_interview_reminder for erpnext
2022-06-30 12:20:02,382 INFO scheduler Scheduled Job Complete: erpnext.hr.doctype.interview.interview.send_interview_reminder for erpnext
2022-06-30 12:20:02,452 INFO scheduler Scheduled Job Start: erpnext.healthcare.doctype.patient_appointment.patient_appointment.send_appointment_reminder for erpnext
2022-06-30 12:20:02,615 INFO scheduler Scheduled Job Complete: erpnext.healthcare.doctype.patient_appointment.patient_appointment.send_appointment_reminder for erpnext
2022-06-30 12:20:02,691 INFO scheduler Scheduled Job Start: erpnext.projects.doctype.project.project.project_status_update_reminder for erpnext
2022-06-30 12:20:02,938 INFO scheduler Scheduled Job Complete: erpnext.projects.doctype.project.project.project_status_update_reminder for erpnext
2022-06-30 12:20:03,011 INFO scheduler Scheduled Job Start: frappe.monitor.flush for erpnext
2022-06-30 12:20:03,156 INFO scheduler Scheduled Job Complete: frappe.monitor.flush for erpnext
2022-06-30 12:20:03,226 INFO scheduler Scheduled Job Start: frappe.utils.global_search.sync_global_search for erpnext
2022-06-30 12:20:03,367 INFO scheduler Scheduled Job Complete: frappe.utils.global_search.sync_global_search for erpnext
2022-06-30 12:20:03,434 INFO scheduler Scheduled Job Start: frappe.integrations.doctype.razorpay_settings.razorpay_settings.capture_payment for erpnext
2022-06-30 12:20:03,610 INFO scheduler Scheduled Job Complete: frappe.integrations.doctype.razorpay_settings.razorpay_settings.capture_payment for erpnext
2022-06-30 12:20:03,681 INFO scheduler Scheduled Job Start: frappe.email.doctype.email_account.email_account.notify_unreplied for erpnext
2022-06-30 12:20:03,864 INFO scheduler Scheduled Job Complete: frappe.email.doctype.email_account.email_account.notify_unreplied for erpnext
2022-06-30 12:20:03,926 INFO scheduler Scheduled Job Start: frappe.email.doctype.email_account.email_account.pull for erpnext
2022-06-30 12:20:04,111 INFO scheduler Scheduled Job Complete: frappe.email.doctype.email_account.email_account.pull for erpnext
2022-06-30 12:20:04,175 INFO scheduler Scheduled Job Start: frappe.email.queue.flush for erpnext
2022-06-30 12:20:04,320 INFO scheduler Scheduled Job Complete: frappe.email.queue.flush for erpnext
2022-06-30 12:21:02,544 DEBUG scheduler Queued events for site erpnext
2022-06-30 12:22:03,233 DEBUG scheduler Queued events for site erpnext
2022-06-30 12:23:03,729 DEBUG scheduler Queued events for site erpnext
2022-06-30 12:24:04,442 INFO scheduler Scheduled Job Start: erpnext.crm.doctype.social_media_post.social_media_post.process_scheduled_social_media_posts for erpnext
2022-06-30 12:24:04,557 DEBUG scheduler Queued events for site erpnext
2022-06-30 12:24:04,631 INFO scheduler Scheduled Job Complete: erpnext.crm.doctype.social_media_post.social_media_post.process_scheduled_social_media_posts for erpnext
2022-06-30 12:24:04,695 INFO scheduler Scheduled Job Start: erpnext.hr.doctype.interview.interview.send_interview_reminder for erpnext
2022-06-30 12:24:04,848 INFO scheduler Scheduled Job Complete: erpnext.hr.doctype.interview.interview.send_interview_reminder for erpnext
2022-06-30 12:24:04,908 INFO scheduler Scheduled Job Start: erpnext.healthcare.doctype.patient_appointment.patient_appointment.send_appointment_reminder for erpnext
2022-06-30 12:24:05,039 INFO scheduler Scheduled Job Complete: erpnext.healthcare.doctype.patient_appointment.patient_appointment.send_appointment_reminder for erpnext
2022-06-30 12:24:05,103 INFO scheduler Scheduled Job Start: erpnext.projects.doctype.project.project.project_status_update_reminder for erpnext
2022-06-30 12:24:05,307 INFO scheduler Scheduled Job Complete: erpnext.projects.doctype.project.project.project_status_update_reminder for erpnext
2022-06-30 12:24:05,372 INFO scheduler Scheduled Job Start: frappe.monitor.flush for erpnext
2022-06-30 12:24:05,502 INFO scheduler Scheduled Job Complete: frappe.monitor.flush for erpnext
2022-06-30 12:24:05,563 INFO scheduler Scheduled Job Start: frappe.utils.global_search.sync_global_search for erpnext
2022-06-30 12:24:05,690 INFO scheduler Scheduled Job Complete: frappe.utils.global_search.sync_global_search for erpnext
2022-06-30 12:24:05,753 INFO scheduler Scheduled Job Start: frappe.integrations.doctype.razorpay_settings.razorpay_settings.capture_payment for erpnext
2022-06-30 12:24:05,903 INFO scheduler Scheduled Job Complete: frappe.integrations.doctype.razorpay_settings.razorpay_settings.capture_payment for erpnext
2022-06-30 12:24:05,966 INFO scheduler Scheduled Job Start: frappe.email.doctype.email_account.email_account.notify_unreplied for erpnext
2022-06-30 12:24:06,136 INFO scheduler Scheduled Job Complete: frappe.email.doctype.email_account.email_account.notify_unreplied for erpnext
2022-06-30 12:24:06,196 INFO scheduler Scheduled Job Start: frappe.email.doctype.email_account.email_account.pull for erpnext
2022-06-30 12:24:06,385 INFO scheduler Scheduled Job Complete: frappe.email.doctype.email_account.email_account.pull for erpnext
2022-06-30 12:24:06,451 INFO scheduler Scheduled Job Start: frappe.email.queue.flush for erpnext
2022-06-30 12:24:06,603 INFO scheduler Scheduled Job Complete: frappe.email.queue.flush for erpnext
2022-06-30 12:25:05,023 DEBUG scheduler Queued events for site erpnext
2022-06-30 12:26:05,256 DEBUG scheduler Queued events for site erpnext
2022-06-30 12:27:05,835 DEBUG scheduler Queued events for site erpnext
