2022-06-30 13:31:48,883 DEBUG scheduler Queued events for site erpnext
2022-06-30 13:32:49,314 INFO scheduler Scheduled Job Start: erpnext.crm.doctype.social_media_post.social_media_post.process_scheduled_social_media_posts for erpnext
2022-06-30 13:32:49,349 DEBUG scheduler Queued events for site erpnext
2022-06-30 13:32:49,486 INFO scheduler Scheduled Job Complete: erpnext.crm.doctype.social_media_post.social_media_post.process_scheduled_social_media_posts for erpnext
2022-06-30 13:32:49,543 INFO scheduler Scheduled Job Start: erpnext.hr.doctype.interview.interview.send_interview_reminder for erpnext
2022-06-30 13:32:49,740 INFO scheduler Scheduled Job Complete: erpnext.hr.doctype.interview.interview.send_interview_reminder for erpnext
2022-06-30 13:32:49,813 INFO scheduler Scheduled Job Start: erpnext.healthcare.doctype.patient_appointment.patient_appointment.send_appointment_reminder for erpnext
2022-06-30 13:32:49,955 INFO scheduler Scheduled Job Complete: erpnext.healthcare.doctype.patient_appointment.patient_appointment.send_appointment_reminder for erpnext
2022-06-30 13:32:50,031 INFO scheduler Scheduled Job Start: erpnext.projects.doctype.project.project.project_status_update_reminder for erpnext
2022-06-30 13:32:50,265 INFO scheduler Scheduled Job Complete: erpnext.projects.doctype.project.project.project_status_update_reminder for erpnext
2022-06-30 13:32:50,340 INFO scheduler Scheduled Job Start: frappe.monitor.flush for erpnext
2022-06-30 13:32:50,517 INFO scheduler Scheduled Job Complete: frappe.monitor.flush for erpnext
2022-06-30 13:32:50,587 INFO scheduler Scheduled Job Start: frappe.utils.global_search.sync_global_search for erpnext
2022-06-30 13:32:50,709 INFO scheduler Scheduled Job Complete: frappe.utils.global_search.sync_global_search for erpnext
2022-06-30 13:32:50,766 INFO scheduler Scheduled Job Start: frappe.integrations.doctype.razorpay_settings.razorpay_settings.capture_payment for erpnext
2022-06-30 13:32:50,915 INFO scheduler Scheduled Job Complete: frappe.integrations.doctype.razorpay_settings.razorpay_settings.capture_payment for erpnext
2022-06-30 13:32:50,976 INFO scheduler Scheduled Job Start: frappe.email.doctype.email_account.email_account.notify_unreplied for erpnext
2022-06-30 13:32:51,142 INFO scheduler Scheduled Job Complete: frappe.email.doctype.email_account.email_account.notify_unreplied for erpnext
2022-06-30 13:32:51,198 INFO scheduler Scheduled Job Start: frappe.email.doctype.email_account.email_account.pull for erpnext
2022-06-30 13:32:51,379 INFO scheduler Scheduled Job Complete: frappe.email.doctype.email_account.email_account.pull for erpnext
2022-06-30 13:32:51,439 INFO scheduler Scheduled Job Start: frappe.email.queue.flush for erpnext
2022-06-30 13:32:51,657 INFO scheduler Scheduled Job Complete: frappe.email.queue.flush for erpnext
2022-06-30 13:33:49,616 DEBUG scheduler Queued events for site erpnext
2022-06-30 13:34:50,567 DEBUG scheduler Queued events for site erpnext
2022-06-30 13:35:51,384 DEBUG scheduler Queued events for site erpnext
2022-06-30 13:36:52,314 INFO scheduler Scheduled Job Start: erpnext.crm.doctype.social_media_post.social_media_post.process_scheduled_social_media_posts for erpnext
2022-06-30 13:36:52,366 DEBUG scheduler Queued events for site erpnext
2022-06-30 13:36:52,468 INFO scheduler Scheduled Job Complete: erpnext.crm.doctype.social_media_post.social_media_post.process_scheduled_social_media_posts for erpnext
2022-06-30 13:36:52,528 INFO scheduler Scheduled Job Start: erpnext.hr.doctype.interview.interview.send_interview_reminder for erpnext
2022-06-30 13:36:52,673 INFO scheduler Scheduled Job Complete: erpnext.hr.doctype.interview.interview.send_interview_reminder for erpnext
2022-06-30 13:36:52,725 INFO scheduler Scheduled Job Start: erpnext.healthcare.doctype.patient_appointment.patient_appointment.send_appointment_reminder for erpnext
2022-06-30 13:36:52,843 INFO scheduler Scheduled Job Complete: erpnext.healthcare.doctype.patient_appointment.patient_appointment.send_appointment_reminder for erpnext
2022-06-30 13:36:52,895 INFO scheduler Scheduled Job Start: erpnext.projects.doctype.project.project.project_status_update_reminder for erpnext
2022-06-30 13:36:53,071 INFO scheduler Scheduled Job Complete: erpnext.projects.doctype.project.project.project_status_update_reminder for erpnext
2022-06-30 13:36:53,128 INFO scheduler Scheduled Job Start: frappe.monitor.flush for erpnext
2022-06-30 13:36:53,243 INFO scheduler Scheduled Job Complete: frappe.monitor.flush for erpnext
2022-06-30 13:36:53,303 INFO scheduler Scheduled Job Start: frappe.utils.global_search.sync_global_search for erpnext
2022-06-30 13:36:53,419 INFO scheduler Scheduled Job Complete: frappe.utils.global_search.sync_global_search for erpnext
2022-06-30 13:36:53,479 INFO scheduler Scheduled Job Start: frappe.integrations.doctype.razorpay_settings.razorpay_settings.capture_payment for erpnext
2022-06-30 13:36:53,614 INFO scheduler Scheduled Job Complete: frappe.integrations.doctype.razorpay_settings.razorpay_settings.capture_payment for erpnext
2022-06-30 13:36:53,675 INFO scheduler Scheduled Job Start: frappe.email.doctype.email_account.email_account.notify_unreplied for erpnext
2022-06-30 13:36:53,835 INFO scheduler Scheduled Job Complete: frappe.email.doctype.email_account.email_account.notify_unreplied for erpnext
2022-06-30 13:36:53,896 INFO scheduler Scheduled Job Start: frappe.email.doctype.email_account.email_account.pull for erpnext
2022-06-30 13:36:54,081 INFO scheduler Scheduled Job Complete: frappe.email.doctype.email_account.email_account.pull for erpnext
2022-06-30 13:36:54,139 INFO scheduler Scheduled Job Start: frappe.email.queue.flush for erpnext
2022-06-30 13:36:54,265 INFO scheduler Scheduled Job Complete: frappe.email.queue.flush for erpnext
2022-06-30 13:37:52,863 DEBUG scheduler Queued events for site erpnext
2022-06-30 13:38:53,738 DEBUG scheduler Queued events for site erpnext
